# JRE version: OpenJDK Runtime Environment (17.0.7) (build 17.0.7+0-b2043.56-10550314)
# Java VM: OpenJDK 64-Bit Server VM (17.0.7+0-b2043.56-10550314, mixed mode, tiered, compressed oops, compressed class ptrs, g1 gc, windows-amd64)
GC Precious Log:
 CPUs: 12 total, 12 available
 Memory: 7502M
 Large Page Support: Disabled
 NUMA Support: Disabled
 Compressed Oops: Enabled (Zero based)
 Heap Region Size: 2M
 Heap Min Capacity: 8M
 Heap Initial Capacity: 118M
 Heap Max Capacity: 4G
 Pre-touch: Disabled
 Parallel Workers: 10
 Concurrent Workers: 3
 Concurrent Refinement Workers: 10
 Periodic GC: Disabled
Heap:
 garbage-first heap   total 700416K, used 486880K [0x0000000700000000, 0x0000000800000000)
  region size 2048K, 42 young (86016K), 4 survivors (8192K)
 Metaspace       used 175914K, committed 177472K, reserved 1245184K
  class space    used 23094K, committed 23808K, reserved 1048576K
GC Heap History (20 events):
Event: 6665.852 GC heap before
{Heap before GC invocations=97 (full 1):
 garbage-first heap   total 464896K, used 395496K [0x0000000700000000, 0x0000000800000000)
  region size 2048K, 130 young (266240K), 0 survivors (0K)
 Metaspace       used 173846K, committed 175104K, reserved 1245184K
  class space    used 22942K, committed 23552K, reserved 1048576K
}
Event: 6666.070 GC heap after
{Heap after GC invocations=98 (full 1):
 garbage-first heap   total 464896K, used 150378K [0x0000000700000000, 0x0000000800000000)
  region size 2048K, 10 young (20480K), 10 survivors (20480K)
 Metaspace       used 173846K, committed 175104K, reserved 1245184K
  class space    used 22942K, committed 23552K, reserved 1048576K
}
Event: 6669.852 GC heap before
{Heap before GC invocations=99 (full 1):
 garbage-first heap   total 464896K, used 441194K [0x0000000700000000, 0x0000000800000000)
  region size 2048K, 58 young (118784K), 10 survivors (20480K)
 Metaspace       used 174118K, committed 175360K, reserved 1245184K
  class space    used 22896K, committed 23552K, reserved 1048576K
}
Event: 6669.882 GC heap after
{Heap after GC invocations=100 (full 1):
 garbage-first heap   total 483328K, used 200384K [0x0000000700000000, 0x0000000800000000)
  region size 2048K, 5 young (10240K), 5 survivors (10240K)
 Metaspace       used 174118K, committed 175360K, reserved 1245184K
  class space    used 22896K, committed 23552K, reserved 1048576K
}
Event: 6670.969 GC heap before
{Heap before GC invocations=100 (full 1):
 garbage-first heap   total 483328K, used 444096K [0x0000000700000000, 0x0000000800000000)
  region size 2048K, 11 young (22528K), 5 survivors (10240K)
 Metaspace       used 174182K, committed 175424K, reserved 1245184K
  class space    used 22897K, committed 23552K, reserved 1048576K
}
Event: 6670.979 GC heap after
{Heap after GC invocations=101 (full 1):
 garbage-first heap   total 483328K, used 149465K [0x0000000700000000, 0x0000000800000000)
  region size 2048K, 1 young (2048K), 1 survivors (2048K)
 Metaspace       used 174182K, committed 175424K, reserved 1245184K
  class space    used 22897K, committed 23552K, reserved 1048576K
}
Event: 7520.287 GC heap before
{Heap before GC invocations=101 (full 1):
 garbage-first heap   total 483328K, used 389081K [0x0000000700000000, 0x0000000800000000)
  region size 2048K, 119 young (243712K), 1 survivors (2048K)
 Metaspace       used 175097K, committed 176384K, reserved 1245184K
  class space    used 22990K, committed 23616K, reserved 1048576K
}
Event: 7520.514 GC heap after
{Heap after GC invocations=102 (full 1):
 garbage-first heap   total 483328K, used 149926K [0x0000000700000000, 0x0000000800000000)
  region size 2048K, 2 young (4096K), 2 survivors (4096K)
 Metaspace       used 175097K, committed 176384K, reserved 1245184K
  class space    used 22990K, committed 23616K, reserved 1048576K
}
Event: 7524.221 GC heap before
{Heap before GC invocations=102 (full 1):
 garbage-first heap   total 483328K, used 229798K [0x0000000700000000, 0x0000000800000000)
  region size 2048K, 42 young (86016K), 2 survivors (4096K)
 Metaspace       used 175510K, committed 176832K, reserved 1245184K
  class space    used 23032K, committed 23680K, reserved 1048576K
}
Event: 7524.265 GC heap after
{Heap after GC invocations=103 (full 1):
 garbage-first heap   total 483328K, used 163500K [0x0000000700000000, 0x0000000800000000)
  region size 2048K, 6 young (12288K), 6 survivors (12288K)
 Metaspace       used 175510K, committed 176832K, reserved 1245184K
  class space    used 23032K, committed 23680K, reserved 1048576K
}
Event: 7524.549 GC heap before
{Heap before GC invocations=103 (full 1):
 garbage-first heap   total 483328K, used 171692K [0x0000000700000000, 0x0000000800000000)
  region size 2048K, 11 young (22528K), 6 survivors (12288K)
 Metaspace       used 175552K, committed 176896K, reserved 1245184K
  class space    used 23037K, committed 23680K, reserved 1048576K
}
Event: 7524.612 GC heap after
{Heap after GC invocations=104 (full 1):
 garbage-first heap   total 483328K, used 166548K [0x0000000700000000, 0x0000000800000000)
  region size 2048K, 2 young (4096K), 2 survivors (4096K)
 Metaspace       used 175552K, committed 176896K, reserved 1245184K
  class space    used 23037K, committed 23680K, reserved 1048576K
}
Event: 7533.768 GC heap before
{Heap before GC invocations=104 (full 1):
 garbage-first heap   total 483328K, used 217748K [0x0000000700000000, 0x0000000800000000)
  region size 2048K, 28 young (57344K), 2 survivors (4096K)
 Metaspace       used 175725K, committed 177152K, reserved 1245184K
  class space    used 23063K, committed 23744K, reserved 1048576K
}
Event: 7533.778 GC heap after
{Heap after GC invocations=105 (full 1):
 garbage-first heap   total 483328K, used 170614K [0x0000000700000000, 0x0000000800000000)
  region size 2048K, 4 young (8192K), 4 survivors (8192K)
 Metaspace       used 175725K, committed 177152K, reserved 1245184K
  class space    used 23063K, committed 23744K, reserved 1048576K
}
Event: 7536.305 GC heap before
{Heap before GC invocations=105 (full 1):
 garbage-first heap   total 483328K, used 367222K [0x0000000700000000, 0x0000000800000000)
  region size 2048K, 30 young (61440K), 4 survivors (8192K)
 Metaspace       used 175959K, committed 177472K, reserved 1245184K
  class space    used 23107K, committed 23808K, reserved 1048576K
}
Event: 7536.360 GC heap after
{Heap after GC invocations=106 (full 1):
 garbage-first heap   total 483328K, used 200046K [0x0000000700000000, 0x0000000800000000)
  region size 2048K, 4 young (8192K), 4 survivors (8192K)
 Metaspace       used 175959K, committed 177472K, reserved 1245184K
  class space    used 23107K, committed 23808K, reserved 1048576K
}
Event: 7536.422 GC heap before
{Heap before GC invocations=106 (full 1):
 garbage-first heap   total 483328K, used 273774K [0x0000000700000000, 0x0000000800000000)
  region size 2048K, 5 young (10240K), 4 survivors (8192K)
 Metaspace       used 175959K, committed 177472K, reserved 1245184K
  class space    used 23107K, committed 23808K, reserved 1048576K
}
Event: 7536.429 GC heap after
{Heap after GC invocations=107 (full 1):
 garbage-first heap   total 483328K, used 214466K [0x0000000700000000, 0x0000000800000000)
  region size 2048K, 4 young (8192K), 4 survivors (8192K)
 Metaspace       used 175959K, committed 177472K, reserved 1245184K
  class space    used 23107K, committed 23808K, reserved 1048576K
}
Event: 7536.434 GC heap before
{Heap before GC invocations=107 (full 1):
 garbage-first heap   total 483328K, used 220610K [0x0000000700000000, 0x0000000800000000)
  region size 2048K, 5 young (10240K), 4 survivors (8192K)
 Metaspace       used 175959K, committed 177472K, reserved 1245184K
  class space    used 23107K, committed 23808K, reserved 1048576K
}
Event: 7536.439 GC heap after
{Heap after GC invocations=108 (full 1):
 garbage-first heap   total 483328K, used 216544K [0x0000000700000000, 0x0000000800000000)
  region size 2048K, 4 young (8192K), 4 survivors (8192K)
 Metaspace       used 175959K, committed 177472K, reserved 1245184K
  class space    used 23107K, committed 23808K, reserved 1048576K
}

